<?xml version="1.0" encoding="UTF-8"?>
<testsuite xmlns:xsi="http://www.w3.org/2001/XMLSchema-instance" xsi:noNamespaceSchemaLocation="https://maven.apache.org/surefire/maven-surefire-plugin/xsd/surefire-test-report.xsd" name="com.example.DepIngExJunit.DepIngExJunitApplicationTests" time="8.393" tests="2" errors="0" skipped="0" failures="1">
  <properties>
[...]
</properties>
  <testcase name="shouldReturnDefaultMessage" classname="com.example.DepIngExJunit.DepIngExJunitApplicationTests" time="0.352">
    <failure message="&#10;expected: &quot;Dependency Injection &amp; Testing!!&quot;&#10; but was: &quot;Dependency Injection &amp; Testing&quot;" type="org.opentest4j.AssertionFailedError"><![CDATA[org.opentest4j.AssertionFailedError: 

expected: "Dependency Injection & Testing!!"
 but was: "Dependency Injection & Testing"
	at com.example.DepIngExJunit.DepIngExJunitApplicationTests.shouldReturnDefaultMessage(DepIngExJunitApplicationTests.java:37)
]]></failure>
    <system-out><![CDATA[11:31:47.907 [main] DEBUG org.springframework.test.context.BootstrapUtils - Instantiating CacheAwareContextLoaderDelegate from class [org.springframework.test.context.cache.DefaultCacheAwareContextLoaderDelegate]
11:31:47.949 [main] DEBUG org.springframework.test.context.BootstrapUtils - Instantiating BootstrapContext using constructor [public org.springframework.test.context.support.DefaultBootstrapContext(java.lang.Class,org.springframework.test.context.CacheAwareContextLoaderDelegate)]
11:31:48.048 [main] DEBUG org.springframework.test.context.BootstrapUtils - Instantiating TestContextBootstrapper for test class [com.example.DepIngExJunit.DepIngExJunitApplicationTests] from class [org.springframework.boot.test.context.SpringBootTestContextBootstrapper]
11:31:48.086 [main] INFO org.springframework.boot.test.context.SpringBootTestContextBootstrapper - Neither @ContextConfiguration nor @ContextHierarchy found for test class [com.example.DepIngExJunit.DepIngExJunitApplicationTests], using SpringBootContextLoader
11:31:48.100 [main] DEBUG org.springframework.test.context.support.AbstractContextLoader - Did not detect default resource location for test class [com.example.DepIngExJunit.DepIngExJunitApplicationTests]: class path resource [com/example/DepIngExJunit/DepIngExJunitApplicationTests-context.xml] does not exist
11:31:48.101 [main] DEBUG org.springframework.test.context.support.AbstractContextLoader - Did not detect default resource location for test class [com.example.DepIngExJunit.DepIngExJunitApplicationTests]: class path resource [com/example/DepIngExJunit/DepIngExJunitApplicationTestsContext.groovy] does not exist
11:31:48.101 [main] INFO org.springframework.test.context.support.AbstractContextLoader - Could not detect default resource locations for test class [com.example.DepIngExJunit.DepIngExJunitApplicationTests]: no resource found for suffixes {-context.xml, Context.groovy}.
11:31:48.104 [main] INFO org.springframework.test.context.support.AnnotationConfigContextLoaderUtils - Could not detect default configuration classes for test class [com.example.DepIngExJunit.DepIngExJunitApplicationTests]: DepIngExJunitApplicationTests does not declare any static, non-private, non-final, nested classes annotated with @Configuration.
11:31:48.283 [main] DEBUG org.springframework.test.context.support.ActiveProfilesUtils - Could not find an 'annotation declaring class' for annotation type [org.springframework.test.context.ActiveProfiles] and class [com.example.DepIngExJunit.DepIngExJunitApplicationTests]
11:31:48.528 [main] DEBUG org.springframework.context.annotation.ClassPathScanningCandidateComponentProvider - Identified candidate component class: file [Y:\hks\MICROSERVICES_LAB\2022\day5\DepIngExJunit\target\classes\com\example\DepIngExJunit\DepIngExJunitApplication.class]
11:31:48.531 [main] INFO org.springframework.boot.test.context.SpringBootTestContextBootstrapper - Found @SpringBootConfiguration com.example.DepIngExJunit.DepIngExJunitApplication for test class com.example.DepIngExJunit.DepIngExJunitApplicationTests
11:31:48.858 [main] DEBUG org.springframework.boot.test.context.SpringBootTestContextBootstrapper - @TestExecutionListeners is not present for class [com.example.DepIngExJunit.DepIngExJunitApplicationTests]: using defaults.
11:31:48.860 [main] INFO org.springframework.boot.test.context.SpringBootTestContextBootstrapper - Loaded default TestExecutionListener class names from location [META-INF/spring.factories]: [org.springframework.boot.test.mock.mockito.MockitoTestExecutionListener, org.springframework.boot.test.mock.mockito.ResetMocksTestExecutionListener, org.springframework.boot.test.autoconfigure.restdocs.RestDocsTestExecutionListener, org.springframework.boot.test.autoconfigure.web.client.MockRestServiceServerResetTestExecutionListener, org.springframework.boot.test.autoconfigure.web.servlet.MockMvcPrintOnlyOnFailureTestExecutionListener, org.springframework.boot.test.autoconfigure.web.servlet.WebDriverTestExecutionListener, org.springframework.boot.test.autoconfigure.webservices.client.MockWebServiceServerTestExecutionListener, org.springframework.test.context.web.ServletTestExecutionListener, org.springframework.test.context.support.DirtiesContextBeforeModesTestExecutionListener, org.springframework.test.context.event.ApplicationEventsTestExecutionListener, org.springframework.test.context.support.DependencyInjectionTestExecutionListener, org.springframework.test.context.support.DirtiesContextTestExecutionListener, org.springframework.test.context.transaction.TransactionalTestExecutionListener, org.springframework.test.context.jdbc.SqlScriptsTestExecutionListener, org.springframework.test.context.event.EventPublishingTestExecutionListener]
11:31:48.906 [main] DEBUG org.springframework.boot.test.context.SpringBootTestContextBootstrapper - Skipping candidate TestExecutionListener [org.springframework.test.context.transaction.TransactionalTestExecutionListener] due to a missing dependency. Specify custom listener classes or make the default listener classes and their required dependencies available. Offending class: [org/springframework/transaction/interceptor/TransactionAttributeSource]
11:31:48.908 [main] DEBUG org.springframework.boot.test.context.SpringBootTestContextBootstrapper - Skipping candidate TestExecutionListener [org.springframework.test.context.jdbc.SqlScriptsTestExecutionListener] due to a missing dependency. Specify custom listener classes or make the default listener classes and their required dependencies available. Offending class: [org/springframework/transaction/interceptor/TransactionAttribute]
11:31:48.909 [main] INFO org.springframework.boot.test.context.SpringBootTestContextBootstrapper - Using TestExecutionListeners: [org.springframework.test.context.web.ServletTestExecutionListener@51549490, org.springframework.test.context.support.DirtiesContextBeforeModesTestExecutionListener@71e9ebae, org.springframework.test.context.event.ApplicationEventsTestExecutionListener@73d983ea, org.springframework.boot.test.mock.mockito.MockitoTestExecutionListener@36a5cabc, org.springframework.boot.test.autoconfigure.SpringBootDependencyInjectionTestExecutionListener@432038ec, org.springframework.test.context.support.DirtiesContextTestExecutionListener@7daa0fbd, org.springframework.test.context.event.EventPublishingTestExecutionListener@42530531, org.springframework.boot.test.mock.mockito.ResetMocksTestExecutionListener@5a3bc7ed, org.springframework.boot.test.autoconfigure.restdocs.RestDocsTestExecutionListener@181e731e, org.springframework.boot.test.autoconfigure.web.client.MockRestServiceServerResetTestExecutionListener@35645047, org.springframework.boot.test.autoconfigure.web.servlet.MockMvcPrintOnlyOnFailureTestExecutionListener@6f44a157, org.springframework.boot.test.autoconfigure.web.servlet.WebDriverTestExecutionListener@6bc407fd, org.springframework.boot.test.autoconfigure.webservices.client.MockWebServiceServerTestExecutionListener@291f18]
11:31:48.930 [main] DEBUG org.springframework.test.context.support.AbstractDirtiesContextTestExecutionListener - Before test class: context [DefaultTestContext@39ac0c0a testClass = DepIngExJunitApplicationTests, testInstance = [null], testMethod = [null], testException = [null], mergedContextConfiguration = [WebMergedContextConfiguration@c7ba306 testClass = DepIngExJunitApplicationTests, locations = '{}', classes = '{class com.example.DepIngExJunit.DepIngExJunitApplication}', contextInitializerClasses = '[]', activeProfiles = '{}', propertySourceLocations = '{}', propertySourceProperties = '{org.springframework.boot.test.context.SpringBootTestContextBootstrapper=true}', contextCustomizers = set[org.springframework.boot.test.context.filter.ExcludeFilterContextCustomizer@7ea9e1e2, org.springframework.boot.test.json.DuplicateJsonObjectContextCustomizerFactory$DuplicateJsonObjectContextCustomizer@4d02f94e, org.springframework.boot.test.mock.mockito.MockitoContextCustomizer@0, org.springframework.boot.test.web.client.TestRestTemplateContextCustomizer@78123e82, org.springframework.boot.test.autoconfigure.actuate.metrics.MetricsExportContextCustomizerFactory$DisableMetricExportContextCustomizer@4efc180e, org.springframework.boot.test.autoconfigure.properties.PropertyMappingContextCustomizer@0, org.springframework.boot.test.autoconfigure.web.servlet.WebDriverContextCustomizerFactory$Customizer@2f217633, org.springframework.boot.test.context.SpringBootTestArgs@1, org.springframework.boot.test.context.SpringBootTestWebEnvironment@34cd072c], resourceBasePath = 'src/main/webapp', contextLoader = 'org.springframework.boot.test.context.SpringBootContextLoader', parent = [null]], attributes = map['org.springframework.test.context.web.ServletTestExecutionListener.activateListener' -> true]], class annotated with @DirtiesContext [false] with mode [null].

  .   ____          _            __ _ _
 /\\ / ___'_ __ _ _(_)_ __  __ _ \ \ \ \
( ( )\___ | '_ | '_| | '_ \/ _` | \ \ \ \
 \\/  ___)| |_)| | | | | || (_| |  ) ) ) )
  '  |____| .__|_| |_|_| |_\__, | / / / /
 =========|_|==============|___/=/_/_/_/
 :: Spring Boot ::                (v2.7.4)

2022-11-02 11:31:49.867  INFO 36860 --- [           main] c.e.D.DepIngExJunitApplicationTests      : Starting DepIngExJunitApplicationTests using Java 18.0.2 on DESKTOP-QS6E7I2 with PID 36860 (started by Admin in Y:\hks\MICROSERVICES_LAB\2022\day5\DepIngExJunit)
2022-11-02 11:31:49.870  INFO 36860 --- [           main] c.e.D.DepIngExJunitApplicationTests      : No active profile set, falling back to 1 default profile: "default"
2022-11-02 11:31:53.933  INFO 36860 --- [           main] c.e.D.DepIngExJunitApplicationTests      : Started DepIngExJunitApplicationTests in 4.862 seconds (JVM running for 7.166)
]]></system-out>
  </testcase>
  <testcase name="testGreeting" classname="com.example.DepIngExJunit.DepIngExJunitApplicationTests" time="0.026"/>
</testsuite>